CRITICAL - 2023-10-09 00:52:20 --> Invalid file: "activity.php"
in SYSTEMPATH\Exceptions\FrameworkException.php on line 39.
 1 SYSTEMPATH\View\View.php(214): CodeIgniter\Exceptions\FrameworkException::forInvalidFile('activity.php')
 2 SYSTEMPATH\Common.php(1188): CodeIgniter\View\View->render('activity', [], true)
 3 APPPATH\Controllers\Home.php(9): view('activity')
 4 SYSTEMPATH\CodeIgniter.php(919): App\Controllers\Home->index()
 5 SYSTEMPATH\CodeIgniter.php(494): CodeIgniter\CodeIgniter->runController(Object(App\Controllers\Home))
 6 SYSTEMPATH\CodeIgniter.php(353): CodeIgniter\CodeIgniter->handleRequest(null, Object(Config\Cache), false)
 7 FCPATH\index.php(79): CodeIgniter\CodeIgniter->run()
 8 SYSTEMPATH\Commands\Server\rewrite.php(47): require_once('C:\\laragon\\www\\gawainisa\\public\\index.php')
CRITICAL - 2023-10-09 00:52:37 --> Undefined variable $activity
in APPPATH\Views\homepage.php on line 47.
 1 APPPATH\Views\homepage.php(47): CodeIgniter\Debug\Exceptions->errorHandler(2, 'Undefined variable $activity', 'C:\\laragon\\www\\gawainisa\\app\\Views\\homepage.php', 47)
 2 SYSTEMPATH\View\View.php(226): include('C:\\laragon\\www\\gawainisa\\app\\Views\\homepage.php')
 3 SYSTEMPATH\View\View.php(229): CodeIgniter\View\View->CodeIgniter\View\{closure}()
 4 SYSTEMPATH\Common.php(1188): CodeIgniter\View\View->render('homepage', [], true)
 5 APPPATH\Controllers\Home.php(9): view('homepage')
 6 SYSTEMPATH\CodeIgniter.php(919): App\Controllers\Home->index()
 7 SYSTEMPATH\CodeIgniter.php(494): CodeIgniter\CodeIgniter->runController(Object(App\Controllers\Home))
 8 SYSTEMPATH\CodeIgniter.php(353): CodeIgniter\CodeIgniter->handleRequest(null, Object(Config\Cache), false)
 9 FCPATH\index.php(79): CodeIgniter\CodeIgniter->run()
10 SYSTEMPATH\Commands\Server\rewrite.php(47): require_once('C:\\laragon\\www\\gawainisa\\public\\index.php')
